[2020-07-17 08:31:37 ERROR] [org.springframework.jms.listener.DefaultMessageListenerContainer#3-1] (org.springframework.jms.listener.DefaultMessageListenerContainer:947) - Could not refresh JMS Connection for destination 'complexPlatTopic' - retrying using FixedBackOff{interval=5000, currentAttempts=54, maxAttempts=unlimited}. Cause: Could not connect to broker URL: tcp://192.168.1.140:61616. Reason: java.net.ConnectException: Connection timed out: connect
[2020-07-17 08:31:37 ERROR] [org.springframework.jms.listener.DefaultMessageListenerContainer#2-1] (org.springframework.jms.listener.DefaultMessageListenerContainer:947) - Could not refresh JMS Connection for destination 'platTopic' - retrying using FixedBackOff{interval=5000, currentAttempts=111, maxAttempts=unlimited}. Cause: Could not connect to broker URL: tcp://192.168.1.140:61616. Reason: java.net.NoRouteToHostException: No route to host: connect
[2020-07-17 08:31:37 ERROR] [org.springframework.jms.listener.DefaultMessageListenerContainer#1-1] (org.springframework.jms.listener.DefaultMessageListenerContainer:947) - Could not refresh JMS Connection for destination 'jjwoa_sendmq' - retrying using FixedBackOff{interval=5000, currentAttempts=113, maxAttempts=unlimited}. Cause: Could not connect to broker URL: tcp://192.168.1.140:61616. Reason: java.net.NoRouteToHostException: No route to host: connect
[2020-07-17 08:31:38 ERROR] [org.springframework.jms.listener.DefaultMessageListenerContainer#0-1] (org.springframework.jms.listener.DefaultMessageListenerContainer:947) - Could not refresh JMS Connection for destination 'platQueue' - retrying using FixedBackOff{interval=5000, currentAttempts=57, maxAttempts=unlimited}. Cause: Could not connect to broker URL: tcp://192.168.1.140:61616. Reason: java.net.NoRouteToHostException: No route to host: connect
[2020-07-17 08:31:40 DEBUG] [DefaultQuartzScheduler_Worker-3] (org.springframework.jdbc.core.JdbcTemplate:682) - Executing prepared SQL query
[2020-07-17 08:31:40 DEBUG] [DefaultQuartzScheduler_Worker-3] (org.springframework.jdbc.core.JdbcTemplate:616) - Executing prepared SQL statement [SELECT T.DATASER_CODE FROM PLAT_METADATA_DATASER T WHERE T.AUTO_CLEARCACHE=? ]
[2020-07-17 08:31:40 TRACE] [DefaultQuartzScheduler_Worker-3] (org.springframework.jdbc.core.StatementCreatorUtils:228) - Setting SQL statement parameter value: column index 1, parameter value [1], value class [java.lang.Integer], SQL type unknown
[2020-07-17 08:31:40 DEBUG] [DefaultQuartzScheduler_Worker-3] (org.springframework.jdbc.core.JdbcTemplate:682) - Executing prepared SQL query
[2020-07-17 08:31:40 DEBUG] [DefaultQuartzScheduler_Worker-3] (org.springframework.jdbc.core.JdbcTemplate:616) - Executing prepared SQL statement [SELECT COUNT(*) FROM (select * from PLAT_SYSTEM_SCHEDULE BUS WHERE BUS.SCHEDULE_CODE=? )  AS COUNT ]
[2020-07-17 08:31:40 TRACE] [DefaultQuartzScheduler_Worker-3] (org.springframework.jdbc.core.StatementCreatorUtils:228) - Setting SQL statement parameter value: column index 1, parameter value [autoclearcache], value class [java.lang.String], SQL type unknown
[2020-07-17 08:31:40 DEBUG] [DefaultQuartzScheduler_Worker-3] (org.springframework.jdbc.core.JdbcTemplate:682) - Executing prepared SQL query
[2020-07-17 08:31:40 DEBUG] [DefaultQuartzScheduler_Worker-3] (org.springframework.jdbc.core.JdbcTemplate:616) - Executing prepared SQL statement [select * from PLAT_SYSTEM_SCHEDULE BUS WHERE BUS.SCHEDULE_CODE=? ]
[2020-07-17 08:31:40 TRACE] [DefaultQuartzScheduler_Worker-3] (org.springframework.jdbc.core.StatementCreatorUtils:228) - Setting SQL statement parameter value: column index 1, parameter value [autoclearcache], value class [java.lang.String], SQL type unknown
[2020-07-17 08:31:40 DEBUG] [DefaultQuartzScheduler_Worker-3] (org.springframework.jdbc.core.JdbcTemplate:682) - Executing prepared SQL query
[2020-07-17 08:31:40 DEBUG] [DefaultQuartzScheduler_Worker-3] (org.springframework.jdbc.core.JdbcTemplate:616) - Executing prepared SQL statement [select upper(T.COLUMN_NAME) from information_schema.columns T where T.table_schema =?  and T.table_name = ?  AND T.COLUMN_KEY='PRI' ORDER BY T.ORDINAL_POSITION ASC]
[2020-07-17 08:31:40 TRACE] [DefaultQuartzScheduler_Worker-3] (org.springframework.jdbc.core.StatementCreatorUtils:228) - Setting SQL statement parameter value: column index 1, parameter value [supervise], value class [java.lang.String], SQL type unknown
[2020-07-17 08:31:40 TRACE] [DefaultQuartzScheduler_Worker-3] (org.springframework.jdbc.core.StatementCreatorUtils:228) - Setting SQL statement parameter value: column index 2, parameter value [PLAT_SYSTEM_JOBLOG], value class [java.lang.String], SQL type unknown
[2020-07-17 08:31:40 DEBUG] [DefaultQuartzScheduler_Worker-3] (org.springframework.jdbc.core.JdbcTemplate:682) - Executing prepared SQL query
[2020-07-17 08:31:40 DEBUG] [DefaultQuartzScheduler_Worker-3] (org.springframework.jdbc.core.JdbcTemplate:616) - Executing prepared SQL statement [SELECT upper(T.COLUMN_NAME) from information_schema.columns T where T.table_schema =?  and T.table_name = ?  ORDER BY T.ORDINAL_POSITION ASC]
[2020-07-17 08:31:40 TRACE] [DefaultQuartzScheduler_Worker-3] (org.springframework.jdbc.core.StatementCreatorUtils:228) - Setting SQL statement parameter value: column index 1, parameter value [supervise], value class [java.lang.String], SQL type unknown
[2020-07-17 08:31:40 TRACE] [DefaultQuartzScheduler_Worker-3] (org.springframework.jdbc.core.StatementCreatorUtils:228) - Setting SQL statement parameter value: column index 2, parameter value [PLAT_SYSTEM_JOBLOG], value class [java.lang.String], SQL type unknown
[2020-07-17 08:31:40 DEBUG] [DefaultQuartzScheduler_Worker-3] (org.springframework.jdbc.core.JdbcTemplate:682) - Executing prepared SQL query
[2020-07-17 08:31:40 DEBUG] [DefaultQuartzScheduler_Worker-3] (org.springframework.jdbc.core.JdbcTemplate:616) - Executing prepared SQL statement [select upper(T.COLUMN_NAME) from information_schema.columns T where T.table_schema =?  and T.table_name = ?  AND T.COLUMN_KEY='PRI' ORDER BY T.ORDINAL_POSITION ASC]
[2020-07-17 08:31:40 TRACE] [DefaultQuartzScheduler_Worker-3] (org.springframework.jdbc.core.StatementCreatorUtils:228) - Setting SQL statement parameter value: column index 1, parameter value [supervise], value class [java.lang.String], SQL type unknown
[2020-07-17 08:31:40 TRACE] [DefaultQuartzScheduler_Worker-3] (org.springframework.jdbc.core.StatementCreatorUtils:228) - Setting SQL statement parameter value: column index 2, parameter value [PLAT_SYSTEM_JOBLOG], value class [java.lang.String], SQL type unknown
[2020-07-17 08:31:40 DEBUG] [DefaultQuartzScheduler_Worker-3] (org.springframework.jdbc.core.JdbcTemplate:869) - Executing prepared SQL update
[2020-07-17 08:31:40 DEBUG] [DefaultQuartzScheduler_Worker-3] (org.springframework.jdbc.core.JdbcTemplate:616) - Executing prepared SQL statement [INSERT INTO PLAT_SYSTEM_JOBLOG(JOBLOG_ID,JOBLOG_SCHEDULEID,JOBLOG_EXETIME) values (?,?,?)]
[2020-07-17 08:31:40 TRACE] [DefaultQuartzScheduler_Worker-3] (org.springframework.jdbc.core.StatementCreatorUtils:228) - Setting SQL statement parameter value: column index 1, parameter value [40281f817357ecc001735a2f114d0002], value class [java.lang.String], SQL type unknown
[2020-07-17 08:31:40 TRACE] [DefaultQuartzScheduler_Worker-3] (org.springframework.jdbc.core.StatementCreatorUtils:228) - Setting SQL statement parameter value: column index 2, parameter value [297ecf12634a3a9801634a5169c00008], value class [java.lang.String], SQL type unknown
[2020-07-17 08:31:40 TRACE] [DefaultQuartzScheduler_Worker-3] (org.springframework.jdbc.core.StatementCreatorUtils:228) - Setting SQL statement parameter value: column index 3, parameter value [2020-07-17 08:31:40], value class [java.lang.String], SQL type unknown
[2020-07-17 08:31:40 DEBUG] [DefaultQuartzScheduler_Worker-3] (org.springframework.jdbc.core.JdbcTemplate:879) - SQL update affected 1 rows
[2020-07-17 08:31:40 INFO ] [DefaultQuartzScheduler_Worker-3] (com.housoo.platform.core.listener.QuarzJobListener:51) - autoclearcache 已经执行
[2020-07-17 08:31:42 ERROR] [org.springframework.jms.listener.DefaultMessageListenerContainer#3-1] (org.springframework.jms.listener.DefaultMessageListenerContainer:947) - Could not refresh JMS Connection for destination 'complexPlatTopic' - retrying using FixedBackOff{interval=5000, currentAttempts=55, maxAttempts=unlimited}. Cause: Could not connect to broker URL: tcp://192.168.1.140:61616. Reason: java.net.SocketException: Network is unreachable: connect
[2020-07-17 08:32:04 ERROR] [org.springframework.jms.listener.DefaultMessageListenerContainer#2-1] (org.springframework.jms.listener.DefaultMessageListenerContainer:947) - Could not refresh JMS Connection for destination 'platTopic' - retrying using FixedBackOff{interval=5000, currentAttempts=112, maxAttempts=unlimited}. Cause: Could not connect to broker URL: tcp://192.168.1.140:61616. Reason: java.net.ConnectException: Connection timed out: connect
